0 info it worked if it ends with ok
1 verbose cli [ '/usr/local/bin/node',
1 verbose cli   '/usr/local/bin/npm',
1 verbose cli   'run',
1 verbose cli   'test:single' ]
2 info using npm@3.5.0
3 info using node@v5.0.0
4 verbose run-script [ 'pretest:single', 'test:single', 'posttest:single' ]
5 info lifecycle document-manager-rest-api@1.0.1~pretest:single: document-manager-rest-api@1.0.1
6 silly lifecycle document-manager-rest-api@1.0.1~pretest:single: no script for pretest:single, continuing
7 info lifecycle document-manager-rest-api@1.0.1~test:single: document-manager-rest-api@1.0.1
8 verbose lifecycle document-manager-rest-api@1.0.1~test:single: unsafe-perm in lifecycle true
9 verbose lifecycle document-manager-rest-api@1.0.1~test:single: PATH: /usr/local/lib/node_modules/npm/bin/node-gyp-bin:/home/rowland/Desktop/Dropbox/projects/andela/DOB/simulations/checkpoints/checkpoint03/V3/REST-API/node_modules/.bin:/home/rowland/Desktop/Dropbox/projects/andela/DOB/simulations/checkpoints/checkpoint03/V3/REST-API/node_modules/.bin:/usr/lib/git-core:/usr/local/heroku/bin:/usr/local/sbin:/usr/local/bin:/usr/sbin:/usr/bin:/sbin:/bin:/usr/games:/usr/local/games
10 verbose lifecycle document-manager-rest-api@1.0.1~test:single: CWD: /home/rowland/Desktop/Dropbox/projects/andela/DOB/simulations/checkpoints/checkpoint03/V3/REST-API
11 silly lifecycle document-manager-rest-api@1.0.1~test:single: Args: [ '-c', 'mocha spec' ]
12 silly lifecycle document-manager-rest-api@1.0.1~test:single: Returned: code: 4  signal: null
13 info lifecycle document-manager-rest-api@1.0.1~test:single: Failed to exec test:single script
14 verbose stack Error: document-manager-rest-api@1.0.1 test:single: `mocha spec`
14 verbose stack Exit status 4
14 verbose stack     at EventEmitter.<anonymous> (/usr/local/lib/node_modules/npm/lib/utils/lifecycle.js:232:16)
14 verbose stack     at emitTwo (events.js:87:13)
14 verbose stack     at EventEmitter.emit (events.js:172:7)
14 verbose stack     at ChildProcess.<anonymous> (/usr/local/lib/node_modules/npm/lib/utils/spawn.js:24:14)
14 verbose stack     at emitTwo (events.js:87:13)
14 verbose stack     at ChildProcess.emit (events.js:172:7)
14 verbose stack     at maybeClose (internal/child_process.js:818:16)
14 verbose stack     at Process.ChildProcess._handle.onexit (internal/child_process.js:211:5)
15 verbose pkgid document-manager-rest-api@1.0.1
16 verbose cwd /home/rowland/Desktop/Dropbox/projects/andela/DOB/simulations/checkpoints/checkpoint03/V3/REST-API
17 error Linux 3.19.0-31-generic
18 error argv "/usr/local/bin/node" "/usr/local/bin/npm" "run" "test:single"
19 error node v5.0.0
20 error npm  v3.5.0
21 error code ELIFECYCLE
22 error document-manager-rest-api@1.0.1 test:single: `mocha spec`
22 error Exit status 4
23 error Failed at the document-manager-rest-api@1.0.1 test:single script 'mocha spec'.
23 error Make sure you have the latest version of node.js and npm installed.
23 error If you do, this is most likely a problem with the document-manager-rest-api package,
23 error not with npm itself.
23 error Tell the author that this fails on your system:
23 error     mocha spec
23 error You can get their info via:
23 error     npm owner ls document-manager-rest-api
23 error There is likely additional logging output above.
24 verbose exit [ 1, true ]
